0x2104 2018-12-04 23:43:35:522[DEBUG]:Entry.[USBServerControl.cpp(11)]
0x2104 2018-12-04 23:43:35:525[DEBUG]:Entry.[USBServerControl.cpp(39)]
0x2104 2018-12-04 23:43:35:526[DEBUG]:USBReadServerPath =  "F:/WORKDIR/Program/MonitorServer/x64/Debug"[USBServerControl.cpp(41)]
0x2104 2018-12-04 23:43:35:530[DEBUG]:Exit.[USBServerControl.cpp(54)]
0x2104 2018-12-04 23:43:35:530[DEBUG]:Exit.[USBServerControl.cpp(16)]
0x2104 2018-12-04 23:43:35:666[DEBUG]:"Start service failed.[1053]"[main.cpp(619)]
0x2104 2018-12-04 23:43:35:667[DEBUG]:"StartServiceCtrlDispatcher failed:[1063]"[main.cpp(671)]
0x169c 2018-12-04 23:43:35:952[DEBUG]:"Entry. Handle operation code = [256]"[main.cpp(405)]
0x169c 2018-12-04 23:43:35:953[DEBUG]:Entry. lpszExecute = [ "F:/WORKDIR/Program/MonitorServer/x64/Debug/test.exe" ][main.cpp(216)]
0x169c 2018-12-04 23:43:35:954[DEBUG]:dwSessionId =  7[main.cpp(229)]
0x169c 2018-12-04 23:43:35:954[DEBUG]:Entry.[main.cpp(81)]
0x169c 2018-12-04 23:43:35:957[DEBUG]:OK, dwProcessId =  4294967295[main.cpp(114)]
0x169c 2018-12-04 23:43:35:958[DEBUG]:OK, dwProcessId =  9600[main.cpp(120)]
0x169c 2018-12-04 23:43:35:958[DEBUG]:Exit.[main.cpp(131)]
0x169c 2018-12-04 23:43:35:960[DEBUG]:dwWinlogonPid =  9600[main.cpp(241)]
0x169c 2018-12-04 23:43:35:960[DEBUG]:error. id = [ 5 ]. OpenProcessToken[main.cpp(53)]
0x169c 2018-12-04 23:43:35:961[DEBUG]:error. id = [ 0 ]. Get Process Duplicate Token Failed![main.cpp(245)]
0x169c 2018-12-04 23:43:35:961[DEBUG]:Exit.[main.cpp(324)]
0x169c 2018-12-04 23:43:35:962[DEBUG]:Exit. handle.[main.cpp(466)]
0xee8 2018-12-04 23:43:49:202[DEBUG]:Entry.[USBServerControl.cpp(11)]
0xee8 2018-12-04 23:43:49:204[DEBUG]:Entry.[USBServerControl.cpp(39)]
0xee8 2018-12-04 23:43:49:204[DEBUG]:USBReadServerPath =  "F:/WORKDIR/Program/MonitorServer/x64/Debug"[USBServerControl.cpp(41)]
0xee8 2018-12-04 23:43:49:205[DEBUG]:Exit.[USBServerControl.cpp(54)]
0xee8 2018-12-04 23:43:49:206[DEBUG]:Exit.[USBServerControl.cpp(16)]
0xee8 2018-12-04 23:43:49:208[DEBUG]:"StartServiceCtrlDispatcher failed:[1063]"[main.cpp(671)]
0x1074 2018-12-04 23:43:49:517[DEBUG]:"Entry. Handle operation code = [256]"[main.cpp(405)]
0x1074 2018-12-04 23:43:49:518[DEBUG]:Entry. lpszExecute = [ "F:/WORKDIR/Program/MonitorServer/x64/Debug/test.exe" ][main.cpp(216)]
0x1074 2018-12-04 23:43:49:518[DEBUG]:dwSessionId =  7[main.cpp(229)]
0x1074 2018-12-04 23:43:49:519[DEBUG]:Entry.[main.cpp(81)]
0x1074 2018-12-04 23:43:49:520[DEBUG]:OK, dwProcessId =  4294967295[main.cpp(114)]
0x1074 2018-12-04 23:43:49:520[DEBUG]:OK, dwProcessId =  9600[main.cpp(120)]
0x1074 2018-12-04 23:43:49:525[DEBUG]:Exit.[main.cpp(131)]
0x1074 2018-12-04 23:43:49:525[DEBUG]:dwWinlogonPid =  9600[main.cpp(241)]
0x1074 2018-12-04 23:43:49:526[DEBUG]:error. id = [ 5 ]. OpenProcessToken[main.cpp(53)]
0x1074 2018-12-04 23:43:49:526[DEBUG]:error. id = [ 0 ]. Get Process Duplicate Token Failed![main.cpp(245)]
0x1074 2018-12-04 23:43:49:527[DEBUG]:Exit.[main.cpp(324)]
0x1074 2018-12-04 23:43:49:527[DEBUG]:Exit. handle.[main.cpp(466)]
0x1ccc 2018-12-04 23:47:16:306[DEBUG]:Entry.[USBServerControl.cpp(11)]
0x1ccc 2018-12-04 23:47:16:309[DEBUG]:Entry.[USBServerControl.cpp(39)]
0x1ccc 2018-12-04 23:47:16:310[DEBUG]:USBReadServerPath =  "F:/WORKDIR/Program/MonitorServer/x64/Debug"[USBServerControl.cpp(41)]
0x1ccc 2018-12-04 23:47:16:310[DEBUG]:Exit.[USBServerControl.cpp(54)]
0x1ccc 2018-12-04 23:47:16:311[DEBUG]:Exit.[USBServerControl.cpp(16)]
0x1ccc 2018-12-04 23:47:16:319[DEBUG]:Delete service succeed.[main.cpp(577)]
0x1d5c 2018-12-04 23:47:16:640[DEBUG]:"Entry. Handle operation code = [256]"[main.cpp(405)]
0x1d5c 2018-12-04 23:47:16:641[DEBUG]:Entry. lpszExecute = [ "F:/WORKDIR/Program/MonitorServer/x64/Debug/test.exe" ][main.cpp(216)]
0x1d5c 2018-12-04 23:47:16:641[DEBUG]:dwSessionId =  7[main.cpp(229)]
0x1d5c 2018-12-04 23:47:16:642[DEBUG]:Entry.[main.cpp(81)]
0x1d5c 2018-12-04 23:47:16:644[DEBUG]:OK, dwProcessId =  4294967295[main.cpp(114)]
0x1d5c 2018-12-04 23:47:16:644[DEBUG]:OK, dwProcessId =  9600[main.cpp(120)]
0x1d5c 2018-12-04 23:47:16:647[DEBUG]:Exit.[main.cpp(131)]
0x1d5c 2018-12-04 23:47:16:647[DEBUG]:dwWinlogonPid =  9600[main.cpp(241)]
0x1d5c 2018-12-04 23:47:16:648[DEBUG]:error. id = [ 5 ]. OpenProcessToken[main.cpp(53)]
0x1d5c 2018-12-04 23:47:16:648[DEBUG]:error. id = [ 0 ]. Get Process Duplicate Token Failed![main.cpp(245)]
0x1d5c 2018-12-04 23:47:16:649[DEBUG]:Exit.[main.cpp(324)]
0x1d5c 2018-12-04 23:47:16:649[DEBUG]:Exit. handle.[main.cpp(466)]
