0x3124 2018-12-05 14:35:03:993[DEBUG]:Entry.[USBServerControl.cpp(11)]
0x3124 2018-12-05 14:35:03:995[DEBUG]:Entry.[USBServerControl.cpp(39)]
0x3124 2018-12-05 14:35:03:996[DEBUG]:USBReadServerPath =  "F:/WORKDIR/Program/MonitorServer/x64/Debug"[USBServerControl.cpp(41)]
0x3124 2018-12-05 14:35:03:997[DEBUG]:Exit.[USBServerControl.cpp(54)]
0x3124 2018-12-05 14:35:03:997[DEBUG]:Exit.[USBServerControl.cpp(16)]
0x3124 2018-12-05 14:35:04:150[DEBUG]:"Start service failed.[1053]"[main.cpp(619)]
0x3124 2018-12-05 14:35:04:151[DEBUG]:"StartServiceCtrlDispatcher failed:[1063]"[main.cpp(673)]
0x3604 2018-12-05 14:35:04:506[DEBUG]:"Entry. Handle operation code = [256]"[main.cpp(405)]
0x3604 2018-12-05 14:35:04:508[DEBUG]:Entry. lpszExecute = [ "F:/WORKDIR/Program/MonitorServer/x64/Debug/test.exe" ][main.cpp(216)]
0x3604 2018-12-05 14:35:04:509[DEBUG]:dwSessionId =  8[main.cpp(229)]
0x3604 2018-12-05 14:35:04:509[DEBUG]:Entry.[main.cpp(81)]
0x3604 2018-12-05 14:35:04:517[DEBUG]:OK, dwProcessId =  4294967295[main.cpp(114)]
0x3604 2018-12-05 14:35:04:517[DEBUG]:OK, dwProcessId =  18512[main.cpp(120)]
0x3604 2018-12-05 14:35:04:518[DEBUG]:Exit.[main.cpp(131)]
0x3604 2018-12-05 14:35:04:518[DEBUG]:dwWinlogonPid =  18512[main.cpp(241)]
0x3604 2018-12-05 14:35:04:519[DEBUG]:error. id = [ 5 ]. OpenProcessToken[main.cpp(53)]
0x3604 2018-12-05 14:35:04:519[DEBUG]:error. id = [ 0 ]. Get Process Duplicate Token Failed![main.cpp(245)]
0x3604 2018-12-05 14:35:04:520[DEBUG]:Exit.[main.cpp(324)]
0x3604 2018-12-05 14:35:04:520[DEBUG]:Exit. handle.[main.cpp(466)]
0x4e8c 2018-12-05 14:35:22:339[DEBUG]:Entry.[USBServerControl.cpp(11)]
0x4e8c 2018-12-05 14:35:22:342[DEBUG]:Entry.[USBServerControl.cpp(39)]
0x4e8c 2018-12-05 14:35:22:343[DEBUG]:USBReadServerPath =  "F:/WORKDIR/Program/MonitorServer/x64/Debug"[USBServerControl.cpp(41)]
0x4e8c 2018-12-05 14:35:22:344[DEBUG]:Exit.[USBServerControl.cpp(54)]
0x4e8c 2018-12-05 14:35:22:344[DEBUG]:Exit.[USBServerControl.cpp(16)]
0x4e8c 2018-12-05 14:35:22:347[DEBUG]:"StartServiceCtrlDispatcher failed:[1063]"[main.cpp(673)]
0x4540 2018-12-05 14:35:22:656[DEBUG]:"Entry. Handle operation code = [256]"[main.cpp(405)]
0x4540 2018-12-05 14:35:22:657[DEBUG]:Entry. lpszExecute = [ "F:/WORKDIR/Program/MonitorServer/x64/Debug/test.exe" ][main.cpp(216)]
0x4540 2018-12-05 14:35:22:658[DEBUG]:dwSessionId =  8[main.cpp(229)]
0x4540 2018-12-05 14:35:22:659[DEBUG]:Entry.[main.cpp(81)]
0x4540 2018-12-05 14:35:22:664[DEBUG]:OK, dwProcessId =  4294967295[main.cpp(114)]
0x4540 2018-12-05 14:35:22:665[DEBUG]:OK, dwProcessId =  18512[main.cpp(120)]
0x4540 2018-12-05 14:35:22:665[DEBUG]:Exit.[main.cpp(131)]
0x4540 2018-12-05 14:35:22:666[DEBUG]:dwWinlogonPid =  18512[main.cpp(241)]
0x4540 2018-12-05 14:35:22:666[DEBUG]:error. id = [ 5 ]. OpenProcessToken[main.cpp(53)]
0x4540 2018-12-05 14:35:22:667[DEBUG]:error. id = [ 0 ]. Get Process Duplicate Token Failed![main.cpp(245)]
0x4540 2018-12-05 14:35:22:667[DEBUG]:Exit.[main.cpp(324)]
0x4540 2018-12-05 14:35:22:668[DEBUG]:Exit. handle.[main.cpp(466)]
0x48dc 2018-12-05 14:36:36:009[DEBUG]:Entry.[USBServerControl.cpp(11)]
0x48dc 2018-12-05 14:36:36:011[DEBUG]:Entry.[USBServerControl.cpp(39)]
0x48dc 2018-12-05 14:36:36:012[DEBUG]:USBReadServerPath =  "F:/WORKDIR/Program/MonitorServer/x64/Debug"[USBServerControl.cpp(41)]
0x48dc 2018-12-05 14:36:36:013[DEBUG]:Exit.[USBServerControl.cpp(54)]
0x48dc 2018-12-05 14:36:36:014[DEBUG]:Exit.[USBServerControl.cpp(16)]
0x48dc 2018-12-05 14:36:36:023[DEBUG]:Delete service succeed.[main.cpp(577)]
0x38a4 2018-12-05 14:36:36:400[DEBUG]:"Entry. Handle operation code = [256]"[main.cpp(405)]
0x38a4 2018-12-05 14:36:36:400[DEBUG]:Entry. lpszExecute = [ "F:/WORKDIR/Program/MonitorServer/x64/Debug/test.exe" ][main.cpp(216)]
0x38a4 2018-12-05 14:36:36:401[DEBUG]:dwSessionId =  8[main.cpp(229)]
0x38a4 2018-12-05 14:36:36:401[DEBUG]:Entry.[main.cpp(81)]
0x38a4 2018-12-05 14:36:36:407[DEBUG]:OK, dwProcessId =  4294967295[main.cpp(114)]
0x38a4 2018-12-05 14:36:36:407[DEBUG]:OK, dwProcessId =  18512[main.cpp(120)]
0x38a4 2018-12-05 14:36:36:408[DEBUG]:Exit.[main.cpp(131)]
0x38a4 2018-12-05 14:36:36:408[DEBUG]:dwWinlogonPid =  18512[main.cpp(241)]
0x38a4 2018-12-05 14:36:36:409[DEBUG]:error. id = [ 5 ]. OpenProcessToken[main.cpp(53)]
0x38a4 2018-12-05 14:36:36:409[DEBUG]:error. id = [ 0 ]. Get Process Duplicate Token Failed![main.cpp(245)]
0x38a4 2018-12-05 14:36:36:410[DEBUG]:Exit.[main.cpp(324)]
0x38a4 2018-12-05 14:36:36:410[DEBUG]:Exit. handle.[main.cpp(466)]
